<?xml version="1.0" encoding="UTF-8"?>
<testsuite xmlns:xsi="http://www.w3.org/2001/XMLSchema-instance" xsi:noNamespaceSchemaLocation="https://maven.apache.org/surefire/maven-surefire-plugin/xsd/surefire-test-report-3.0.xsd" version="3.0" name="sn.ept.git.seminaire.cicd.cucumber.CucumberRunner" time="0.93" tests="48" errors="0" skipped="48" failures="0">
  <properties>
    <property name="git.tags" value=""/>
    <property name="java.specification.version" value="17"/>
    <property name="git.build.version" value="0.0.1-SNAPSHOT"/>
    <property name="sun.jnu.encoding" value="UTF-8"/>
    <property name="java.class.path" value="/home/aminatah/Documents/ok/agile/todos/target/test-classes:/home/aminatah/Documents/ok/agile/todos/target/classes:/home/aminatah/.m2/repository/org/springframework/boot/spring-boot-devtools/3.4.5/spring-boot-devtools-3.4.5.jar:/home/aminatah/.m2/repository/org/springframework/boot/spring-boot/3.4.5/spring-boot-3.4.5.jar:/home/aminatah/.m2/repository/org/springframework/spring-context/6.2.6/spring-context-6.2.6.jar:/home/aminatah/.m2/repository/org/springframework/boot/spring-boot-autoconfigure/3.4.5/spring-boot-autoconfigure-3.4.5.jar:/home/aminatah/.m2/repository/org/springframework/boot/spring-boot-starter-actuator/3.4.5/spring-boot-starter-actuator-3.4.5.jar:/home/aminatah/.m2/repository/org/springframework/boot/spring-boot-starter/3.4.5/spring-boot-starter-3.4.5.jar:/home/aminatah/.m2/repository/org/springframework/boot/spring-boot-starter-logging/3.4.5/spring-boot-starter-logging-3.4.5.jar:/home/aminatah/.m2/repository/ch/qos/logback/logback-classic/1.5.18/logback-classic-1.5.18.jar:/home/aminatah/.m2/repository/ch/qos/logback/logback-core/1.5.18/logback-core-1.5.18.jar:/home/aminatah/.m2/repository/org/apache/logging/log4j/log4j-to-slf4j/2.24.3/log4j-to-slf4j-2.24.3.jar:/home/aminatah/.m2/repository/org/apache/logging/log4j/log4j-api/2.24.3/log4j-api-2.24.3.jar:/home/aminatah/.m2/repository/org/slf4j/jul-to-slf4j/2.0.17/jul-to-slf4j-2.0.17.jar:/home/aminatah/.m2/repository/jakarta/annotation/jakarta.annotation-api/2.1.1/jakarta.annotation-api-2.1.1.jar:/home/aminatah/.m2/repository/org/yaml/snakeyaml/2.3/snakeyaml-2.3.jar:/home/aminatah/.m2/repository/org/springframework/boot/spring-boot-actuator-autoconfigure/3.4.5/spring-boot-actuator-autoconfigure-3.4.5.jar:/home/aminatah/.m2/repository/org/springframework/boot/spring-boot-actuator/3.4.5/spring-boot-actuator-3.4.5.jar:/home/aminatah/.m2/repository/com/fasterxml/jackson/datatype/jackson-datatype-jsr310/2.18.3/jackson-datatype-jsr310-2.18.3.jar:/home/aminatah/.m2/repository/io/micrometer/micrometer-observation/1.14.6/micrometer-observation-1.14.6.jar:/home/aminatah/.m2/repository/io/micrometer/micrometer-commons/1.14.6/micrometer-commons-1.14.6.jar:/home/aminatah/.m2/repository/io/micrometer/micrometer-jakarta9/1.14.6/micrometer-jakarta9-1.14.6.jar:/home/aminatah/.m2/repository/io/micrometer/micrometer-core/1.14.6/micrometer-core-1.14.6.jar:/home/aminatah/.m2/repository/org/hdrhistogram/HdrHistogram/2.2.2/HdrHistogram-2.2.2.jar:/home/aminatah/.m2/repository/org/latencyutils/LatencyUtils/2.0.3/LatencyUtils-2.0.3.jar:/home/aminatah/.m2/repository/org/jacoco/jacoco-maven-plugin/0.8.11/jacoco-maven-plugin-0.8.11.jar:/home/aminatah/.m2/repository/org/codehaus/plexus/plexus-utils/3.0.24/plexus-utils-3.0.24.jar:/home/aminatah/.m2/repository/org/apache/maven/shared/file-management/3.1.0/file-management-3.1.0.jar:/home/aminatah/.m2/repository/org/slf4j/slf4j-api/2.0.17/slf4j-api-2.0.17.jar:/home/aminatah/.m2/repository/org/apache/maven/reporting/maven-reporting-api/3.0/maven-reporting-api-3.0.jar:/home/aminatah/.m2/repository/org/apache/maven/doxia/doxia-sink-api/1.0/doxia-sink-api-1.0.jar:/home/aminatah/.m2/repository/org/jacoco/org.jacoco.agent/0.8.11/org.jacoco.agent-0.8.11-runtime.jar:/home/aminatah/.m2/repository/org/jacoco/org.jacoco.core/0.8.11/org.jacoco.core-0.8.11.jar:/home/aminatah/.m2/repository/org/ow2/asm/asm/9.6/asm-9.6.jar:/home/aminatah/.m2/repository/org/ow2/asm/asm-commons/9.6/asm-commons-9.6.jar:/home/aminatah/.m2/repository/org/ow2/asm/asm-tree/9.6/asm-tree-9.6.jar:/home/aminatah/.m2/repository/org/jacoco/org.jacoco.report/0.8.11/org.jacoco.report-0.8.11.jar:/home/aminatah/.m2/repository/commons-io/commons-io/2.14.0/commons-io-2.14.0.jar:/home/aminatah/.m2/repository/com/tngtech/archunit/archunit-junit5-api/1.2.1/archunit-junit5-api-1.2.1.jar:/home/aminatah/.m2/repository/com/tngtech/archunit/archunit/1.2.1/archunit-1.2.1.jar:/home/aminatah/.m2/repository/com/tngtech/archunit/archunit-junit5-engine/1.2.1/archunit-junit5-engine-1.2.1.jar:/home/aminatah/.m2/repository/com/tngtech/archunit/archunit-junit5-engine-api/1.2.1/archunit-junit5-engine-api-1.2.1.jar:/home/aminatah/.m2/repository/org/springframework/boot/spring-boot-starter-data-jpa/3.4.5/spring-boot-starter-data-jpa-3.4.5.jar:/home/aminatah/.m2/repository/org/springframework/boot/spring-boot-starter-jdbc/3.4.5/spring-boot-starter-jdbc-3.4.5.jar:/home/aminatah/.m2/repository/com/zaxxer/HikariCP/5.1.0/HikariCP-5.1.0.jar:/home/aminatah/.m2/repository/org/springframework/spring-jdbc/6.2.6/spring-jdbc-6.2.6.jar:/home/aminatah/.m2/repository/org/hibernate/orm/hibernate-core/6.6.13.Final/hibernate-core-6.6.13.Final.jar:/home/aminatah/.m2/repository/jakarta/persistence/jakarta.persistence-api/3.1.0/jakarta.persistence-api-3.1.0.jar:/home/aminatah/.m2/repository/jakarta/transaction/jakarta.transaction-api/2.0.1/jakarta.transaction-api-2.0.1.jar:/home/aminatah/.m2/repository/org/jboss/logging/jboss-logging/3.6.1.Final/jboss-logging-3.6.1.Final.jar:/home/aminatah/.m2/repository/org/hibernate/common/hibernate-commons-annotations/7.0.3.Final/hibernate-commons-annotations-7.0.3.Final.jar:/home/aminatah/.m2/repository/io/smallrye/jandex/3.2.0/jandex-3.2.0.jar:/home/aminatah/.m2/repository/com/fasterxml/classmate/1.7.0/classmate-1.7.0.jar:/home/aminatah/.m2/repository/net/bytebuddy/byte-buddy/1.15.11/byte-buddy-1.15.11.jar:/home/aminatah/.m2/repository/org/glassfish/jaxb/jaxb-runtime/4.0.5/jaxb-runtime-4.0.5.jar:/home/aminatah/.m2/repository/org/glassfish/jaxb/jaxb-core/4.0.5/jaxb-core-4.0.5.jar:/home/aminatah/.m2/repository/org/eclipse/angus/angus-activation/2.0.2/angus-activation-2.0.2.jar:/home/aminatah/.m2/repository/org/glassfish/jaxb/txw2/4.0.5/txw2-4.0.5.jar:/home/aminatah/.m2/repository/com/sun/istack/istack-commons-runtime/4.1.2/istack-commons-runtime-4.1.2.jar:/home/aminatah/.m2/repository/jakarta/inject/jakarta.inject-api/2.0.1/jakarta.inject-api-2.0.1.jar:/home/aminatah/.m2/repository/org/antlr/antlr4-runtime/4.13.0/antlr4-runtime-4.13.0.jar:/home/aminatah/.m2/repository/org/springframework/data/spring-data-jpa/3.4.5/spring-data-jpa-3.4.5.jar:/home/aminatah/.m2/repository/org/springframework/data/spring-data-commons/3.4.5/spring-data-commons-3.4.5.jar:/home/aminatah/.m2/repository/org/springframework/spring-orm/6.2.6/spring-orm-6.2.6.jar:/home/aminatah/.m2/repository/org/springframework/spring-aop/6.2.6/spring-aop-6.2.6.jar:/home/aminatah/.m2/repository/org/springframework/spring-tx/6.2.6/spring-tx-6.2.6.jar:/home/aminatah/.m2/repository/org/springframework/spring-beans/6.2.6/spring-beans-6.2.6.jar:/home/aminatah/.m2/repository/org/springframework/spring-aspects/6.2.6/spring-aspects-6.2.6.jar:/home/aminatah/.m2/repository/org/aspectj/aspectjweaver/1.9.24/aspectjweaver-1.9.24.jar:/home/aminatah/.m2/repository/org/springframework/boot/spring-boot-starter-web/3.4.5/spring-boot-starter-web-3.4.5.jar:/home/aminatah/.m2/repository/org/springframework/boot/spring-boot-starter-json/3.4.5/spring-boot-starter-json-3.4.5.jar:/home/aminatah/.m2/repository/com/fasterxml/jackson/module/jackson-module-parameter-names/2.18.3/jackson-module-parameter-names-2.18.3.jar:/home/aminatah/.m2/repository/org/springframework/boot/spring-boot-starter-tomcat/3.4.5/spring-boot-starter-tomcat-3.4.5.jar:/home/aminatah/.m2/repository/org/apache/tomcat/embed/tomcat-embed-core/10.1.40/tomcat-embed-core-10.1.40.jar:/home/aminatah/.m2/repository/org/apache/tomcat/embed/tomcat-embed-websocket/10.1.40/tomcat-embed-websocket-10.1.40.jar:/home/aminatah/.m2/repository/org/springframework/spring-web/6.2.6/spring-web-6.2.6.jar:/home/aminatah/.m2/repository/org/springframework/spring-webmvc/6.2.6/spring-webmvc-6.2.6.jar:/home/aminatah/.m2/repository/org/springframework/spring-expression/6.2.6/spring-expression-6.2.6.jar:/home/aminatah/.m2/repository/org/mapstruct/mapstruct-processor/1.5.5.Final/mapstruct-processor-1.5.5.Final.jar:/home/aminatah/.m2/repository/org/mapstruct/mapstruct/1.5.5.Final/mapstruct-1.5.5.Final.jar:/home/aminatah/.m2/repository/io/cucumber/cucumber-java/7.13.0/cucumber-java-7.13.0.jar:/home/aminatah/.m2/repository/io/cucumber/cucumber-core/7.13.0/cucumber-core-7.13.0.jar:/home/aminatah/.m2/repository/io/cucumber/cucumber-gherkin/7.13.0/cucumber-gherkin-7.13.0.jar:/home/aminatah/.m2/repository/io/cucumber/cucumber-gherkin-messages/7.13.0/cucumber-gherkin-messages-7.13.0.jar:/home/aminatah/.m2/repository/io/cucumber/gherkin/26.2.0/gherkin-26.2.0.jar:/home/aminatah/.m2/repository/io/cucumber/messages/22.0.0/messages-22.0.0.jar:/home/aminatah/.m2/repository/io/cucumber/tag-expressions/5.0.1/tag-expressions-5.0.1.jar:/home/aminatah/.m2/repository/io/cucumber/cucumber-expressions/16.1.2/cucumber-expressions-16.1.2.jar:/home/aminatah/.m2/repository/io/cucumber/datatable/7.13.0/datatable-7.13.0.jar:/home/aminatah/.m2/repository/io/cucumber/cucumber-plugin/7.13.0/cucumber-plugin-7.13.0.jar:/home/aminatah/.m2/repository/io/cucumber/docstring/7.13.0/docstring-7.13.0.jar:/home/aminatah/.m2/repository/io/cucumber/html-formatter/20.3.1/html-formatter-20.3.1.jar:/home/aminatah/.m2/repository/io/cucumber/junit-xml-formatter/0.2.0/junit-xml-formatter-0.2.0.jar:/home/aminatah/.m2/repository/io/cucumber/ci-environment/9.2.0/ci-environment-9.2.0.jar:/home/aminatah/.m2/repository/org/apiguardian/apiguardian-api/1.1.2/apiguardian-api-1.1.2.jar:/home/aminatah/.m2/repository/io/cucumber/cucumber-junit-platform-engine/7.13.0/cucumber-junit-platform-engine-7.13.0.jar:/home/aminatah/.m2/repository/org/junit/platform/junit-platform-engine/1.11.4/junit-platform-engine-1.11.4.jar:/home/aminatah/.m2/repository/org/opentest4j/opentest4j/1.3.0/opentest4j-1.3.0.jar:/home/aminatah/.m2/repository/org/junit/platform/junit-platform-commons/1.11.4/junit-platform-commons-1.11.4.jar:/home/aminatah/.m2/repository/org/junit/platform/junit-platform-suite/1.11.4/junit-platform-suite-1.11.4.jar:/home/aminatah/.m2/repository/org/junit/platform/junit-platform-suite-api/1.11.4/junit-platform-suite-api-1.11.4.jar:/home/aminatah/.m2/repository/org/junit/platform/junit-platform-suite-engine/1.11.4/junit-platform-suite-engine-1.11.4.jar:/home/aminatah/.m2/repository/org/junit/platform/junit-platform-suite-commons/1.11.4/junit-platform-suite-commons-1.11.4.jar:/home/aminatah/.m2/repository/org/junit/platform/junit-platform-launcher/1.11.4/junit-platform-launcher-1.11.4.jar:/home/aminatah/.m2/repository/org/projectlombok/lombok-mapstruct-binding/0.2.0/lombok-mapstruct-binding-0.2.0.jar:/home/aminatah/.m2/repository/org/projectlombok/lombok/1.18.28/lombok-1.18.28.jar:/home/aminatah/.m2/repository/org/springframework/boot/spring-boot-starter-test/3.4.5/spring-boot-starter-test-3.4.5.jar:/home/aminatah/.m2/repository/org/springframework/boot/spring-boot-test/3.4.5/spring-boot-test-3.4.5.jar:/home/aminatah/.m2/repository/org/springframework/boot/spring-boot-test-autoconfigure/3.4.5/spring-boot-test-autoconfigure-3.4.5.jar:/home/aminatah/.m2/repository/com/jayway/jsonpath/json-path/2.9.0/json-path-2.9.0.jar:/home/aminatah/.m2/repository/jakarta/xml/bind/jakarta.xml.bind-api/4.0.2/jakarta.xml.bind-api-4.0.2.jar:/home/aminatah/.m2/repository/jakarta/activation/jakarta.activation-api/2.1.3/jakarta.activation-api-2.1.3.jar:/home/aminatah/.m2/repository/net/minidev/json-smart/2.5.2/json-smart-2.5.2.jar:/home/aminatah/.m2/repository/net/minidev/accessors-smart/2.5.2/accessors-smart-2.5.2.jar:/home/aminatah/.m2/repository/org/assertj/assertj-core/3.26.3/assertj-core-3.26.3.jar:/home/aminatah/.m2/repository/org/awaitility/awaitility/4.2.2/awaitility-4.2.2.jar:/home/aminatah/.m2/repository/org/hamcrest/hamcrest/2.2/hamcrest-2.2.jar:/home/aminatah/.m2/repository/org/junit/jupiter/junit-jupiter/5.11.4/junit-jupiter-5.11.4.jar:/home/aminatah/.m2/repository/org/junit/jupiter/junit-jupiter-api/5.11.4/junit-jupiter-api-5.11.4.jar:/home/aminatah/.m2/repository/org/junit/jupiter/junit-jupiter-params/5.11.4/junit-jupiter-params-5.11.4.jar:/home/aminatah/.m2/repository/org/junit/jupiter/junit-jupiter-engine/5.11.4/junit-jupiter-engine-5.11.4.jar:/home/aminatah/.m2/repository/org/mockito/mockito-core/5.14.2/mockito-core-5.14.2.jar:/home/aminatah/.m2/repository/net/bytebuddy/byte-buddy-agent/1.15.11/byte-buddy-agent-1.15.11.jar:/home/aminatah/.m2/repository/org/objenesis/objenesis/3.3/objenesis-3.3.jar:/home/aminatah/.m2/repository/org/mockito/mockito-junit-jupiter/5.14.2/mockito-junit-jupiter-5.14.2.jar:/home/aminatah/.m2/repository/org/skyscreamer/jsonassert/1.5.3/jsonassert-1.5.3.jar:/home/aminatah/.m2/repository/com/vaadin/external/google/android-json/0.0.20131108.vaadin1/android-json-0.0.20131108.vaadin1.jar:/home/aminatah/.m2/repository/org/springframework/spring-core/6.2.6/spring-core-6.2.6.jar:/home/aminatah/.m2/repository/org/springframework/spring-jcl/6.2.6/spring-jcl-6.2.6.jar:/home/aminatah/.m2/repository/org/springframework/spring-test/6.2.6/spring-test-6.2.6.jar:/home/aminatah/.m2/repository/org/xmlunit/xmlunit-core/2.10.0/xmlunit-core-2.10.0.jar:/home/aminatah/.m2/repository/org/hamcrest/hamcrest-all/1.3/hamcrest-all-1.3.jar:/home/aminatah/.m2/repository/com/fasterxml/jackson/datatype/jackson-datatype-jdk8/2.18.3/jackson-datatype-jdk8-2.18.3.jar:/home/aminatah/.m2/repository/com/fasterxml/jackson/core/jackson-core/2.18.3/jackson-core-2.18.3.jar:/home/aminatah/.m2/repository/com/fasterxml/jackson/core/jackson-databind/2.18.3/jackson-databind-2.18.3.jar:/home/aminatah/.m2/repository/com/fasterxml/jackson/core/jackson-annotations/2.18.3/jackson-annotations-2.18.3.jar:/home/aminatah/.m2/repository/com/h2database/h2/2.3.232/h2-2.3.232.jar:/home/aminatah/.m2/repository/org/springframework/boot/spring-boot-starter-validation/3.4.5/spring-boot-starter-validation-3.4.5.jar:/home/aminatah/.m2/repository/org/apache/tomcat/embed/tomcat-embed-el/10.1.40/tomcat-embed-el-10.1.40.jar:/home/aminatah/.m2/repository/org/hibernate/validator/hibernate-validator/8.0.2.Final/hibernate-validator-8.0.2.Final.jar:/home/aminatah/.m2/repository/jakarta/validation/jakarta.validation-api/3.0.2/jakarta.validation-api-3.0.2.jar:/home/aminatah/.m2/repository/org/apache/commons/commons-lang3/3.17.0/commons-lang3-3.17.0.jar:/home/aminatah/.m2/repository/io/cucumber/cucumber-spring/7.13.0/cucumber-spring-7.13.0.jar:/home/aminatah/.m2/repository/io/rest-assured/rest-assured/5.2.1/rest-assured-5.2.1.jar:/home/aminatah/.m2/repository/org/apache/groovy/groovy/4.0.26/groovy-4.0.26.jar:/home/aminatah/.m2/repository/org/apache/httpcomponents/httpclient/4.5.13/httpclient-4.5.13.jar:/home/aminatah/.m2/repository/org/apache/httpcomponents/httpcore/4.4.16/httpcore-4.4.16.jar:/home/aminatah/.m2/repository/commons-logging/commons-logging/1.2/commons-logging-1.2.jar:/home/aminatah/.m2/repository/commons-codec/commons-codec/1.17.2/commons-codec-1.17.2.jar:/home/aminatah/.m2/repository/org/apache/httpcomponents/httpmime/4.5.13/httpmime-4.5.13.jar:/home/aminatah/.m2/repository/org/ccil/cowan/tagsoup/tagsoup/1.2.1/tagsoup-1.2.1.jar:/home/aminatah/.m2/repository/io/rest-assured/json-path/5.2.1/json-path-5.2.1.jar:/home/aminatah/.m2/repository/org/apache/groovy/groovy-json/4.0.26/groovy-json-4.0.26.jar:/home/aminatah/.m2/repository/io/rest-assured/rest-assured-common/5.2.1/rest-assured-common-5.2.1.jar:/home/aminatah/.m2/repository/io/rest-assured/xml-path/5.2.1/xml-path-5.2.1.jar:/home/aminatah/.m2/repository/org/apache/groovy/groovy-xml/4.0.12/groovy-xml-4.0.12.jar:"/>
    <property name="git.branch" value="test-ci-pr"/>
    <property name="git.build.host" value="aminatah-HP-EliteBook-745-G5"/>
    <property name="java.vm.vendor" value="Ubuntu"/>
    <property name="sun.arch.data.model" value="64"/>
    <property name="java.vendor.url" value="https://ubuntu.com/"/>
    <property name="user.timezone" value="Africa/Dakar"/>
    <property name="java.vm.specification.version" value="17"/>
    <property name="os.name" value="Linux"/>
    <property name="git.commit.author.time" value="2025-07-13T19:48:32Z"/>
    <property name="sun.java.launcher" value="SUN_STANDARD"/>
    <property name="user.country" value="FR"/>
    <property name="git.build.user.name" value="Amnata"/>
    <property name="sun.boot.library.path" value="/usr/lib/jvm/java-17-openjdk-amd64/lib"/>
    <property name="sun.java.command" value="/home/aminatah/Documents/ok/agile/todos/target/surefire/surefirebooter-20250713235017960_3.jar /home/aminatah/Documents/ok/agile/todos/target/surefire 2025-07-13T23-50-17_859-jvmRun1 surefire-20250713235017960_1tmp surefire_0-20250713235017960_2tmp"/>
    <property name="jdk.debug" value="release"/>
    <property name="surefire.test.class.path" value="/home/aminatah/Documents/ok/agile/todos/target/test-classes:/home/aminatah/Documents/ok/agile/todos/target/classes:/home/aminatah/.m2/repository/org/springframework/boot/spring-boot-devtools/3.4.5/spring-boot-devtools-3.4.5.jar:/home/aminatah/.m2/repository/org/springframework/boot/spring-boot/3.4.5/spring-boot-3.4.5.jar:/home/aminatah/.m2/repository/org/springframework/spring-context/6.2.6/spring-context-6.2.6.jar:/home/aminatah/.m2/repository/org/springframework/boot/spring-boot-autoconfigure/3.4.5/spring-boot-autoconfigure-3.4.5.jar:/home/aminatah/.m2/repository/org/springframework/boot/spring-boot-starter-actuator/3.4.5/spring-boot-starter-actuator-3.4.5.jar:/home/aminatah/.m2/repository/org/springframework/boot/spring-boot-starter/3.4.5/spring-boot-starter-3.4.5.jar:/home/aminatah/.m2/repository/org/springframework/boot/spring-boot-starter-logging/3.4.5/spring-boot-starter-logging-3.4.5.jar:/home/aminatah/.m2/repository/ch/qos/logback/logback-classic/1.5.18/logback-classic-1.5.18.jar:/home/aminatah/.m2/repository/ch/qos/logback/logback-core/1.5.18/logback-core-1.5.18.jar:/home/aminatah/.m2/repository/org/apache/logging/log4j/log4j-to-slf4j/2.24.3/log4j-to-slf4j-2.24.3.jar:/home/aminatah/.m2/repository/org/apache/logging/log4j/log4j-api/2.24.3/log4j-api-2.24.3.jar:/home/aminatah/.m2/repository/org/slf4j/jul-to-slf4j/2.0.17/jul-to-slf4j-2.0.17.jar:/home/aminatah/.m2/repository/jakarta/annotation/jakarta.annotation-api/2.1.1/jakarta.annotation-api-2.1.1.jar:/home/aminatah/.m2/repository/org/yaml/snakeyaml/2.3/snakeyaml-2.3.jar:/home/aminatah/.m2/repository/org/springframework/boot/spring-boot-actuator-autoconfigure/3.4.5/spring-boot-actuator-autoconfigure-3.4.5.jar:/home/aminatah/.m2/repository/org/springframework/boot/spring-boot-actuator/3.4.5/spring-boot-actuator-3.4.5.jar:/home/aminatah/.m2/repository/com/fasterxml/jackson/datatype/jackson-datatype-jsr310/2.18.3/jackson-datatype-jsr310-2.18.3.jar:/home/aminatah/.m2/repository/io/micrometer/micrometer-observation/1.14.6/micrometer-observation-1.14.6.jar:/home/aminatah/.m2/repository/io/micrometer/micrometer-commons/1.14.6/micrometer-commons-1.14.6.jar:/home/aminatah/.m2/repository/io/micrometer/micrometer-jakarta9/1.14.6/micrometer-jakarta9-1.14.6.jar:/home/aminatah/.m2/repository/io/micrometer/micrometer-core/1.14.6/micrometer-core-1.14.6.jar:/home/aminatah/.m2/repository/org/hdrhistogram/HdrHistogram/2.2.2/HdrHistogram-2.2.2.jar:/home/aminatah/.m2/repository/org/latencyutils/LatencyUtils/2.0.3/LatencyUtils-2.0.3.jar:/home/aminatah/.m2/repository/org/jacoco/jacoco-maven-plugin/0.8.11/jacoco-maven-plugin-0.8.11.jar:/home/aminatah/.m2/repository/org/codehaus/plexus/plexus-utils/3.0.24/plexus-utils-3.0.24.jar:/home/aminatah/.m2/repository/org/apache/maven/shared/file-management/3.1.0/file-management-3.1.0.jar:/home/aminatah/.m2/repository/org/slf4j/slf4j-api/2.0.17/slf4j-api-2.0.17.jar:/home/aminatah/.m2/repository/org/apache/maven/reporting/maven-reporting-api/3.0/maven-reporting-api-3.0.jar:/home/aminatah/.m2/repository/org/apache/maven/doxia/doxia-sink-api/1.0/doxia-sink-api-1.0.jar:/home/aminatah/.m2/repository/org/jacoco/org.jacoco.agent/0.8.11/org.jacoco.agent-0.8.11-runtime.jar:/home/aminatah/.m2/repository/org/jacoco/org.jacoco.core/0.8.11/org.jacoco.core-0.8.11.jar:/home/aminatah/.m2/repository/org/ow2/asm/asm/9.6/asm-9.6.jar:/home/aminatah/.m2/repository/org/ow2/asm/asm-commons/9.6/asm-commons-9.6.jar:/home/aminatah/.m2/repository/org/ow2/asm/asm-tree/9.6/asm-tree-9.6.jar:/home/aminatah/.m2/repository/org/jacoco/org.jacoco.report/0.8.11/org.jacoco.report-0.8.11.jar:/home/aminatah/.m2/repository/commons-io/commons-io/2.14.0/commons-io-2.14.0.jar:/home/aminatah/.m2/repository/com/tngtech/archunit/archunit-junit5-api/1.2.1/archunit-junit5-api-1.2.1.jar:/home/aminatah/.m2/repository/com/tngtech/archunit/archunit/1.2.1/archunit-1.2.1.jar:/home/aminatah/.m2/repository/com/tngtech/archunit/archunit-junit5-engine/1.2.1/archunit-junit5-engine-1.2.1.jar:/home/aminatah/.m2/repository/com/tngtech/archunit/archunit-junit5-engine-api/1.2.1/archunit-junit5-engine-api-1.2.1.jar:/home/aminatah/.m2/repository/org/springframework/boot/spring-boot-starter-data-jpa/3.4.5/spring-boot-starter-data-jpa-3.4.5.jar:/home/aminatah/.m2/repository/org/springframework/boot/spring-boot-starter-jdbc/3.4.5/spring-boot-starter-jdbc-3.4.5.jar:/home/aminatah/.m2/repository/com/zaxxer/HikariCP/5.1.0/HikariCP-5.1.0.jar:/home/aminatah/.m2/repository/org/springframework/spring-jdbc/6.2.6/spring-jdbc-6.2.6.jar:/home/aminatah/.m2/repository/org/hibernate/orm/hibernate-core/6.6.13.Final/hibernate-core-6.6.13.Final.jar:/home/aminatah/.m2/repository/jakarta/persistence/jakarta.persistence-api/3.1.0/jakarta.persistence-api-3.1.0.jar:/home/aminatah/.m2/repository/jakarta/transaction/jakarta.transaction-api/2.0.1/jakarta.transaction-api-2.0.1.jar:/home/aminatah/.m2/repository/org/jboss/logging/jboss-logging/3.6.1.Final/jboss-logging-3.6.1.Final.jar:/home/aminatah/.m2/repository/org/hibernate/common/hibernate-commons-annotations/7.0.3.Final/hibernate-commons-annotations-7.0.3.Final.jar:/home/aminatah/.m2/repository/io/smallrye/jandex/3.2.0/jandex-3.2.0.jar:/home/aminatah/.m2/repository/com/fasterxml/classmate/1.7.0/classmate-1.7.0.jar:/home/aminatah/.m2/repository/net/bytebuddy/byte-buddy/1.15.11/byte-buddy-1.15.11.jar:/home/aminatah/.m2/repository/org/glassfish/jaxb/jaxb-runtime/4.0.5/jaxb-runtime-4.0.5.jar:/home/aminatah/.m2/repository/org/glassfish/jaxb/jaxb-core/4.0.5/jaxb-core-4.0.5.jar:/home/aminatah/.m2/repository/org/eclipse/angus/angus-activation/2.0.2/angus-activation-2.0.2.jar:/home/aminatah/.m2/repository/org/glassfish/jaxb/txw2/4.0.5/txw2-4.0.5.jar:/home/aminatah/.m2/repository/com/sun/istack/istack-commons-runtime/4.1.2/istack-commons-runtime-4.1.2.jar:/home/aminatah/.m2/repository/jakarta/inject/jakarta.inject-api/2.0.1/jakarta.inject-api-2.0.1.jar:/home/aminatah/.m2/repository/org/antlr/antlr4-runtime/4.13.0/antlr4-runtime-4.13.0.jar:/home/aminatah/.m2/repository/org/springframework/data/spring-data-jpa/3.4.5/spring-data-jpa-3.4.5.jar:/home/aminatah/.m2/repository/org/springframework/data/spring-data-commons/3.4.5/spring-data-commons-3.4.5.jar:/home/aminatah/.m2/repository/org/springframework/spring-orm/6.2.6/spring-orm-6.2.6.jar:/home/aminatah/.m2/repository/org/springframework/spring-aop/6.2.6/spring-aop-6.2.6.jar:/home/aminatah/.m2/repository/org/springframework/spring-tx/6.2.6/spring-tx-6.2.6.jar:/home/aminatah/.m2/repository/org/springframework/spring-beans/6.2.6/spring-beans-6.2.6.jar:/home/aminatah/.m2/repository/org/springframework/spring-aspects/6.2.6/spring-aspects-6.2.6.jar:/home/aminatah/.m2/repository/org/aspectj/aspectjweaver/1.9.24/aspectjweaver-1.9.24.jar:/home/aminatah/.m2/repository/org/springframework/boot/spring-boot-starter-web/3.4.5/spring-boot-starter-web-3.4.5.jar:/home/aminatah/.m2/repository/org/springframework/boot/spring-boot-starter-json/3.4.5/spring-boot-starter-json-3.4.5.jar:/home/aminatah/.m2/repository/com/fasterxml/jackson/module/jackson-module-parameter-names/2.18.3/jackson-module-parameter-names-2.18.3.jar:/home/aminatah/.m2/repository/org/springframework/boot/spring-boot-starter-tomcat/3.4.5/spring-boot-starter-tomcat-3.4.5.jar:/home/aminatah/.m2/repository/org/apache/tomcat/embed/tomcat-embed-core/10.1.40/tomcat-embed-core-10.1.40.jar:/home/aminatah/.m2/repository/org/apache/tomcat/embed/tomcat-embed-websocket/10.1.40/tomcat-embed-websocket-10.1.40.jar:/home/aminatah/.m2/repository/org/springframework/spring-web/6.2.6/spring-web-6.2.6.jar:/home/aminatah/.m2/repository/org/springframework/spring-webmvc/6.2.6/spring-webmvc-6.2.6.jar:/home/aminatah/.m2/repository/org/springframework/spring-expression/6.2.6/spring-expression-6.2.6.jar:/home/aminatah/.m2/repository/org/mapstruct/mapstruct-processor/1.5.5.Final/mapstruct-processor-1.5.5.Final.jar:/home/aminatah/.m2/repository/org/mapstruct/mapstruct/1.5.5.Final/mapstruct-1.5.5.Final.jar:/home/aminatah/.m2/repository/io/cucumber/cucumber-java/7.13.0/cucumber-java-7.13.0.jar:/home/aminatah/.m2/repository/io/cucumber/cucumber-core/7.13.0/cucumber-core-7.13.0.jar:/home/aminatah/.m2/repository/io/cucumber/cucumber-gherkin/7.13.0/cucumber-gherkin-7.13.0.jar:/home/aminatah/.m2/repository/io/cucumber/cucumber-gherkin-messages/7.13.0/cucumber-gherkin-messages-7.13.0.jar:/home/aminatah/.m2/repository/io/cucumber/gherkin/26.2.0/gherkin-26.2.0.jar:/home/aminatah/.m2/repository/io/cucumber/messages/22.0.0/messages-22.0.0.jar:/home/aminatah/.m2/repository/io/cucumber/tag-expressions/5.0.1/tag-expressions-5.0.1.jar:/home/aminatah/.m2/repository/io/cucumber/cucumber-expressions/16.1.2/cucumber-expressions-16.1.2.jar:/home/aminatah/.m2/repository/io/cucumber/datatable/7.13.0/datatable-7.13.0.jar:/home/aminatah/.m2/repository/io/cucumber/cucumber-plugin/7.13.0/cucumber-plugin-7.13.0.jar:/home/aminatah/.m2/repository/io/cucumber/docstring/7.13.0/docstring-7.13.0.jar:/home/aminatah/.m2/repository/io/cucumber/html-formatter/20.3.1/html-formatter-20.3.1.jar:/home/aminatah/.m2/repository/io/cucumber/junit-xml-formatter/0.2.0/junit-xml-formatter-0.2.0.jar:/home/aminatah/.m2/repository/io/cucumber/ci-environment/9.2.0/ci-environment-9.2.0.jar:/home/aminatah/.m2/repository/org/apiguardian/apiguardian-api/1.1.2/apiguardian-api-1.1.2.jar:/home/aminatah/.m2/repository/io/cucumber/cucumber-junit-platform-engine/7.13.0/cucumber-junit-platform-engine-7.13.0.jar:/home/aminatah/.m2/repository/org/junit/platform/junit-platform-engine/1.11.4/junit-platform-engine-1.11.4.jar:/home/aminatah/.m2/repository/org/opentest4j/opentest4j/1.3.0/opentest4j-1.3.0.jar:/home/aminatah/.m2/repository/org/junit/platform/junit-platform-commons/1.11.4/junit-platform-commons-1.11.4.jar:/home/aminatah/.m2/repository/org/junit/platform/junit-platform-suite/1.11.4/junit-platform-suite-1.11.4.jar:/home/aminatah/.m2/repository/org/junit/platform/junit-platform-suite-api/1.11.4/junit-platform-suite-api-1.11.4.jar:/home/aminatah/.m2/repository/org/junit/platform/junit-platform-suite-engine/1.11.4/junit-platform-suite-engine-1.11.4.jar:/home/aminatah/.m2/repository/org/junit/platform/junit-platform-suite-commons/1.11.4/junit-platform-suite-commons-1.11.4.jar:/home/aminatah/.m2/repository/org/junit/platform/junit-platform-launcher/1.11.4/junit-platform-launcher-1.11.4.jar:/home/aminatah/.m2/repository/org/projectlombok/lombok-mapstruct-binding/0.2.0/lombok-mapstruct-binding-0.2.0.jar:/home/aminatah/.m2/repository/org/projectlombok/lombok/1.18.28/lombok-1.18.28.jar:/home/aminatah/.m2/repository/org/springframework/boot/spring-boot-starter-test/3.4.5/spring-boot-starter-test-3.4.5.jar:/home/aminatah/.m2/repository/org/springframework/boot/spring-boot-test/3.4.5/spring-boot-test-3.4.5.jar:/home/aminatah/.m2/repository/org/springframework/boot/spring-boot-test-autoconfigure/3.4.5/spring-boot-test-autoconfigure-3.4.5.jar:/home/aminatah/.m2/repository/com/jayway/jsonpath/json-path/2.9.0/json-path-2.9.0.jar:/home/aminatah/.m2/repository/jakarta/xml/bind/jakarta.xml.bind-api/4.0.2/jakarta.xml.bind-api-4.0.2.jar:/home/aminatah/.m2/repository/jakarta/activation/jakarta.activation-api/2.1.3/jakarta.activation-api-2.1.3.jar:/home/aminatah/.m2/repository/net/minidev/json-smart/2.5.2/json-smart-2.5.2.jar:/home/aminatah/.m2/repository/net/minidev/accessors-smart/2.5.2/accessors-smart-2.5.2.jar:/home/aminatah/.m2/repository/org/assertj/assertj-core/3.26.3/assertj-core-3.26.3.jar:/home/aminatah/.m2/repository/org/awaitility/awaitility/4.2.2/awaitility-4.2.2.jar:/home/aminatah/.m2/repository/org/hamcrest/hamcrest/2.2/hamcrest-2.2.jar:/home/aminatah/.m2/repository/org/junit/jupiter/junit-jupiter/5.11.4/junit-jupiter-5.11.4.jar:/home/aminatah/.m2/repository/org/junit/jupiter/junit-jupiter-api/5.11.4/junit-jupiter-api-5.11.4.jar:/home/aminatah/.m2/repository/org/junit/jupiter/junit-jupiter-params/5.11.4/junit-jupiter-params-5.11.4.jar:/home/aminatah/.m2/repository/org/junit/jupiter/junit-jupiter-engine/5.11.4/junit-jupiter-engine-5.11.4.jar:/home/aminatah/.m2/repository/org/mockito/mockito-core/5.14.2/mockito-core-5.14.2.jar:/home/aminatah/.m2/repository/net/bytebuddy/byte-buddy-agent/1.15.11/byte-buddy-agent-1.15.11.jar:/home/aminatah/.m2/repository/org/objenesis/objenesis/3.3/objenesis-3.3.jar:/home/aminatah/.m2/repository/org/mockito/mockito-junit-jupiter/5.14.2/mockito-junit-jupiter-5.14.2.jar:/home/aminatah/.m2/repository/org/skyscreamer/jsonassert/1.5.3/jsonassert-1.5.3.jar:/home/aminatah/.m2/repository/com/vaadin/external/google/android-json/0.0.20131108.vaadin1/android-json-0.0.20131108.vaadin1.jar:/home/aminatah/.m2/repository/org/springframework/spring-core/6.2.6/spring-core-6.2.6.jar:/home/aminatah/.m2/repository/org/springframework/spring-jcl/6.2.6/spring-jcl-6.2.6.jar:/home/aminatah/.m2/repository/org/springframework/spring-test/6.2.6/spring-test-6.2.6.jar:/home/aminatah/.m2/repository/org/xmlunit/xmlunit-core/2.10.0/xmlunit-core-2.10.0.jar:/home/aminatah/.m2/repository/org/hamcrest/hamcrest-all/1.3/hamcrest-all-1.3.jar:/home/aminatah/.m2/repository/com/fasterxml/jackson/datatype/jackson-datatype-jdk8/2.18.3/jackson-datatype-jdk8-2.18.3.jar:/home/aminatah/.m2/repository/com/fasterxml/jackson/core/jackson-core/2.18.3/jackson-core-2.18.3.jar:/home/aminatah/.m2/repository/com/fasterxml/jackson/core/jackson-databind/2.18.3/jackson-databind-2.18.3.jar:/home/aminatah/.m2/repository/com/fasterxml/jackson/core/jackson-annotations/2.18.3/jackson-annotations-2.18.3.jar:/home/aminatah/.m2/repository/com/h2database/h2/2.3.232/h2-2.3.232.jar:/home/aminatah/.m2/repository/org/springframework/boot/spring-boot-starter-validation/3.4.5/spring-boot-starter-validation-3.4.5.jar:/home/aminatah/.m2/repository/org/apache/tomcat/embed/tomcat-embed-el/10.1.40/tomcat-embed-el-10.1.40.jar:/home/aminatah/.m2/repository/org/hibernate/validator/hibernate-validator/8.0.2.Final/hibernate-validator-8.0.2.Final.jar:/home/aminatah/.m2/repository/jakarta/validation/jakarta.validation-api/3.0.2/jakarta.validation-api-3.0.2.jar:/home/aminatah/.m2/repository/org/apache/commons/commons-lang3/3.17.0/commons-lang3-3.17.0.jar:/home/aminatah/.m2/repository/io/cucumber/cucumber-spring/7.13.0/cucumber-spring-7.13.0.jar:/home/aminatah/.m2/repository/io/rest-assured/rest-assured/5.2.1/rest-assured-5.2.1.jar:/home/aminatah/.m2/repository/org/apache/groovy/groovy/4.0.26/groovy-4.0.26.jar:/home/aminatah/.m2/repository/org/apache/httpcomponents/httpclient/4.5.13/httpclient-4.5.13.jar:/home/aminatah/.m2/repository/org/apache/httpcomponents/httpcore/4.4.16/httpcore-4.4.16.jar:/home/aminatah/.m2/repository/commons-logging/commons-logging/1.2/commons-logging-1.2.jar:/home/aminatah/.m2/repository/commons-codec/commons-codec/1.17.2/commons-codec-1.17.2.jar:/home/aminatah/.m2/repository/org/apache/httpcomponents/httpmime/4.5.13/httpmime-4.5.13.jar:/home/aminatah/.m2/repository/org/ccil/cowan/tagsoup/tagsoup/1.2.1/tagsoup-1.2.1.jar:/home/aminatah/.m2/repository/io/rest-assured/json-path/5.2.1/json-path-5.2.1.jar:/home/aminatah/.m2/repository/org/apache/groovy/groovy-json/4.0.26/groovy-json-4.0.26.jar:/home/aminatah/.m2/repository/io/rest-assured/rest-assured-common/5.2.1/rest-assured-common-5.2.1.jar:/home/aminatah/.m2/repository/io/rest-assured/xml-path/5.2.1/xml-path-5.2.1.jar:/home/aminatah/.m2/repository/org/apache/groovy/groovy-xml/4.0.12/groovy-xml-4.0.12.jar:"/>
    <property name="sun.cpu.endian" value="little"/>
    <property name="user.home" value="/home/aminatah"/>
    <property name="user.language" value="fr"/>
    <property name="git.closest.tag.commit.count" value=""/>
    <property name="java.specification.vendor" value="Oracle Corporation"/>
    <property name="java.version.date" value="2025-04-15"/>
    <property name="java.home" value="/usr/lib/jvm/java-17-openjdk-amd64"/>
    <property name="git.total.commit.count" value="4"/>
    <property name="file.separator" value="/"/>
    <property name="basedir" value="/home/aminatah/Documents/ok/agile/todos"/>
    <property name="java.vm.compressedOopsMode" value="Zero based"/>
    <property name="line.separator" value="&#10;"/>
    <property name="git.build.user.email" value="Amnata@github.com"/>
    <property name="git.commit.committer.time" value="2025-07-13T19:48:32Z"/>
    <property name="java.specification.name" value="Java Platform API Specification"/>
    <property name="java.vm.specification.vendor" value="Oracle Corporation"/>
    <property name="git.commit.id.full" value="a8a7ed8182dc0b8f14d330316b87247e59102da3"/>
    <property name="git.tag" value=""/>
    <property name="git.closest.tag.name" value=""/>
    <property name="git.local.branch.ahead" value="0"/>
    <property name="git.build.time" value="2025-07-13T23:50:17Z"/>
    <property name="surefire.real.class.path" value="/home/aminatah/Documents/ok/agile/todos/target/surefire/surefirebooter-20250713235017960_3.jar"/>
    <property name="git.commit.message.full" value="test déclenchement PR"/>
    <property name="sun.management.compiler" value="HotSpot 64-Bit Tiered Compilers"/>
    <property name="java.runtime.version" value="17.0.15+6-Ubuntu-0ubuntu124.04"/>
    <property name="user.name" value="aminatah"/>
    <property name="path.separator" value=":"/>
    <property name="os.version" value="6.11.0-29-generic"/>
    <property name="java.runtime.name" value="OpenJDK Runtime Environment"/>
    <property name="file.encoding" value="UTF-8"/>
    <property name="git.commit.user.email" value="Amnata@github.com"/>
    <property name="java.vm.name" value="OpenJDK 64-Bit Server VM"/>
    <property name="git.local.branch.behind" value="0"/>
    <property name="git.dirty" value="true"/>
    <property name="localRepository" value="/home/aminatah/.m2/repository"/>
    <property name="java.vendor.url.bug" value="https://bugs.launchpad.net/ubuntu/+source/openjdk-17"/>
    <property name="java.io.tmpdir" value="/tmp"/>
    <property name="java.version" value="17.0.15"/>
    <property name="cucumber.filter.tags" value="@CucumberStepITag"/>
    <property name="user.dir" value="/home/aminatah/Documents/ok/agile/todos"/>
    <property name="os.arch" value="amd64"/>
    <property name="git.commit.user.name" value="Amnata"/>
    <property name="git.commit.id.abbrev" value="a8a7ed8"/>
    <property name="java.vm.specification.name" value="Java Virtual Machine Specification"/>
    <property name="git.commit.id.describe-short" value="a8a7ed8-dirty"/>
    <property name="git.commit.id.describe" value="a8a7ed8-dirty"/>
    <property name="native.encoding" value="UTF-8"/>
    <property name="java.library.path" value="/usr/java/packages/lib:/usr/lib/x86_64-linux-gnu/jni:/lib/x86_64-linux-gnu:/usr/lib/x86_64-linux-gnu:/usr/lib/jni:/lib:/usr/lib"/>
    <property name="git.commit.message.short" value="test déclenchement PR"/>
    <property name="java.vm.info" value="mixed mode"/>
    <property name="java.vendor" value="Ubuntu"/>
    <property name="java.vm.version" value="17.0.15+6-Ubuntu-0ubuntu124.04"/>
    <property name="java.specification.maintenance.version" value="1"/>
    <property name="sun.io.unicode.encoding" value="UnicodeLittle"/>
    <property name="java.class.version" value="61.0"/>
    <property name="git.commit.time" value="2025-07-13T19:48:32Z"/>
    <property name="git.remote.origin.url" value="git@github.com:amnata/todos.git"/>
  </properties>
  <testcase name="Add tag should return 201" classname="BDD Scenarios of Tag API - Add Tag" time="0.0">
    <skipped message="&apos;cucumber.filter.tags=@CucumberStepITag&apos; did not match this scenario"/>
  </testcase>
  <testcase name="Add tag with null name should return 400" classname="BDD Scenarios of Tag API - Add Tag" time="0.0">
    <skipped message="&apos;cucumber.filter.tags=@CucumberStepITag&apos; did not match this scenario"/>
  </testcase>
  <testcase name="Add tag with null color should return 400" classname="BDD Scenarios of Tag API - Add Tag" time="0.0">
    <skipped message="&apos;cucumber.filter.tags=@CucumberStepITag&apos; did not match this scenario"/>
  </testcase>
  <testcase name="Example #1.1" classname="Examples" time="0.0">
    <skipped message="&apos;cucumber.filter.tags=@CucumberStepITag&apos; did not match this scenario"/>
  </testcase>
  <testcase name="Example #1.1" classname="Examples" time="0.0">
    <skipped message="&apos;cucumber.filter.tags=@CucumberStepITag&apos; did not match this scenario"/>
  </testcase>
  <testcase name="Example #1.1" classname="Examples" time="0.0">
    <skipped message="&apos;cucumber.filter.tags=@CucumberStepITag&apos; did not match this scenario"/>
  </testcase>
  <testcase name="Example #1.1" classname="Examples" time="0.0">
    <skipped message="&apos;cucumber.filter.tags=@CucumberStepITag&apos; did not match this scenario"/>
  </testcase>
  <testcase name="Example #1.1" classname="Examples" time="0.0">
    <skipped message="&apos;cucumber.filter.tags=@CucumberStepITag&apos; did not match this scenario"/>
  </testcase>
  <testcase name="Example #1.1" classname="Examples" time="0.0">
    <skipped message="&apos;cucumber.filter.tags=@CucumberStepITag&apos; did not match this scenario"/>
  </testcase>
  <testcase name="Example #1.2" classname="Examples" time="0.0">
    <skipped message="&apos;cucumber.filter.tags=@CucumberStepITag&apos; did not match this scenario"/>
  </testcase>
  <testcase name="Example #1.2" classname="Examples" time="0.0">
    <skipped message="&apos;cucumber.filter.tags=@CucumberStepITag&apos; did not match this scenario"/>
  </testcase>
  <testcase name="Example #1.2" classname="Examples" time="0.0">
    <skipped message="&apos;cucumber.filter.tags=@CucumberStepITag&apos; did not match this scenario"/>
  </testcase>
  <testcase name="Example #1.2" classname="Examples" time="0.0">
    <skipped message="&apos;cucumber.filter.tags=@CucumberStepITag&apos; did not match this scenario"/>
  </testcase>
  <testcase name="Delete tag should return 204" classname="BDD Scenarios of Tag API - Delete Tag" time="0.0">
    <skipped message="&apos;cucumber.filter.tags=@CucumberStepITag&apos; did not match this scenario"/>
  </testcase>
  <testcase name="Delete tag with invalid id should return 404" classname="BDD Scenarios of Tag API - Delete Tag" time="0.0">
    <skipped message="&apos;cucumber.filter.tags=@CucumberStepITag&apos; did not match this scenario"/>
  </testcase>
  <testcase name="Find all tags with pagination and sorting" classname="BDD Scenarios of Tag API - Find All" time="0.0">
    <skipped message="&apos;cucumber.filter.tags=@CucumberStepITag&apos; did not match this scenario"/>
  </testcase>
  <testcase name="Find all tags with no match should return empty list" classname="BDD Scenarios of Tag API - Find All" time="0.0">
    <skipped message="&apos;cucumber.filter.tags=@CucumberStepITag&apos; did not match this scenario"/>
  </testcase>
  <testcase name="Find by id should return 200" classname="BDD Scenarios of Tag API - Find By ID" time="0.0">
    <skipped message="&apos;cucumber.filter.tags=@CucumberStepITag&apos; did not match this scenario"/>
  </testcase>
  <testcase name="Find by id with bad id should return 404" classname="BDD Scenarios of Tag API - Find By ID" time="0.0">
    <skipped message="&apos;cucumber.filter.tags=@CucumberStepITag&apos; did not match this scenario"/>
  </testcase>
  <testcase name="Update tag should return 200" classname="BDD Scenarios of Tag API - Update Tag" time="0.0">
    <skipped message="&apos;cucumber.filter.tags=@CucumberStepITag&apos; did not match this scenario"/>
  </testcase>
  <testcase name="Update tag with invalid id should return 404" classname="BDD Scenarios of Tag API - Update Tag" time="0.0">
    <skipped message="&apos;cucumber.filter.tags=@CucumberStepITag&apos; did not match this scenario"/>
  </testcase>
  <testcase name="Update tag with null name should return 400" classname="BDD Scenarios of Tag API - Update Tag" time="0.0">
    <skipped message="&apos;cucumber.filter.tags=@CucumberStepITag&apos; did not match this scenario"/>
  </testcase>
  <testcase name="AAdd todo should return 200" classname="BDD Scenarios of Todo API - Add Todo" time="0.0">
    <skipped message="&apos;cucumber.filter.tags=@CucumberStepITag&apos; did not match this scenario"/>
  </testcase>
  <testcase name="Add todo with null title should return 400" classname="BDD Scenarios of Todo API - Add Todo" time="0.0">
    <skipped message="&apos;cucumber.filter.tags=@CucumberStepITag&apos; did not match this scenario"/>
  </testcase>
  <testcase name="AAdd todo with dateDebut null should return 400" classname="BDD Scenarios of Todo API - Add Todo" time="0.0">
    <skipped message="&apos;cucumber.filter.tags=@CucumberStepITag&apos; did not match this scenario"/>
  </testcase>
  <testcase name="AAdd todo with dateFin null should return 400" classname="BDD Scenarios of Todo API - Add Todo" time="0.0">
    <skipped message="&apos;cucumber.filter.tags=@CucumberStepITag&apos; did not match this scenario"/>
  </testcase>
  <testcase name="Add todo with dateDebut in the pass should return 400" classname="BDD Scenarios of Todo API - Add Todo" time="0.0">
    <skipped message="&apos;cucumber.filter.tags=@CucumberStepITag&apos; did not match this scenario"/>
  </testcase>
  <testcase name="Add todo with dateFin in the pass should return 400" classname="BDD Scenarios of Todo API - Add Todo" time="0.0">
    <skipped message="&apos;cucumber.filter.tags=@CucumberStepITag&apos; did not match this scenario"/>
  </testcase>
  <testcase name="Add todo with dateDebut after dateFin should return 400" classname="BDD Scenarios of Todo API - Add Todo" time="0.0">
    <skipped message="&apos;cucumber.filter.tags=@CucumberStepITag&apos; did not match this scenario"/>
  </testcase>
  <testcase name="Complete an existing todo should return 202" classname="BDD Scenarios of Todo API - Complete Todo" time="0.0">
    <skipped message="&apos;cucumber.filter.tags=@CucumberStepITag&apos; did not match this scenario"/>
  </testcase>
  <testcase name="Complete an non existing todo should return 404" classname="BDD Scenarios of Todo API - Complete Todo" time="0.0">
    <skipped message="&apos;cucumber.filter.tags=@CucumberStepITag&apos; did not match this scenario"/>
  </testcase>
  <testcase name="Delete an existing todo should return 204" classname="BDD Scenarios of Todo API - Delete Todo" time="0.0">
    <skipped message="&apos;cucumber.filter.tags=@CucumberStepITag&apos; did not match this scenario"/>
  </testcase>
  <testcase name="Delete an non existing todo should return 404" classname="BDD Scenarios of Todo API - Delete Todo" time="0.0">
    <skipped message="&apos;cucumber.filter.tags=@CucumberStepITag&apos; did not match this scenario"/>
  </testcase>
  <testcase name="Find all should return correct page" classname="BDD Scenarios of Todo API - Find All Todos" time="0.0">
    <skipped message="&apos;cucumber.filter.tags=@CucumberStepITag&apos; did not match this scenario"/>
  </testcase>
  <testcase name="Find all should return empty page" classname="BDD Scenarios of Todo API - Find All Todos" time="0.0">
    <skipped message="&apos;cucumber.filter.tags=@CucumberStepITag&apos; did not match this scenario"/>
  </testcase>
  <testcase name="Find all with negative page should return error" classname="BDD Scenarios of Todo API - Find All Todos" time="0.0">
    <skipped message="&apos;cucumber.filter.tags=@CucumberStepITag&apos; did not match this scenario"/>
  </testcase>
  <testcase name="Find all with size less than 1 should return error" classname="BDD Scenarios of Todo API - Find All Todos" time="0.0">
    <skipped message="&apos;cucumber.filter.tags=@CucumberStepITag&apos; did not match this scenario"/>
  </testcase>
  <testcase name="Find all with size too large should return error" classname="BDD Scenarios of Todo API - Find All Todos" time="0.0">
    <skipped message="&apos;cucumber.filter.tags=@CucumberStepITag&apos; did not match this scenario"/>
  </testcase>
  <testcase name="Find by existing id should return corresponding todo" classname="BDD Scenarios of Todo API - Find Todo By Id" time="0.0">
    <skipped message="&apos;cucumber.filter.tags=@CucumberStepITag&apos; did not match this scenario"/>
  </testcase>
  <testcase name="Find by id with an non existing id should return 404" classname="BDD Scenarios of Todo API - Find Todo By Id" time="0.0">
    <skipped message="&apos;cucumber.filter.tags=@CucumberStepITag&apos; did not match this scenario"/>
  </testcase>
  <testcase name="Update an existing todo should return 202" classname="BDD Scenarios of Todo API - Update Todo" time="0.0">
    <skipped message="&apos;cucumber.filter.tags=@CucumberStepITag&apos; did not match this scenario"/>
  </testcase>
  <testcase name="Update an non existing todo should return 404" classname="BDD Scenarios of Todo API - Update Todo" time="0.0">
    <skipped message="&apos;cucumber.filter.tags=@CucumberStepITag&apos; did not match this scenario"/>
  </testcase>
  <testcase name="Update todo with null title should return 400" classname="BDD Scenarios of Todo API - Update Todo" time="0.0">
    <skipped message="&apos;cucumber.filter.tags=@CucumberStepITag&apos; did not match this scenario"/>
  </testcase>
  <testcase name="Update an existing todo with dateDebut null should return 400" classname="BDD Scenarios of Todo API - Update Todo" time="0.0">
    <skipped message="&apos;cucumber.filter.tags=@CucumberStepITag&apos; did not match this scenario"/>
  </testcase>
  <testcase name="Update an existing todo with dateFin null should return 400" classname="BDD Scenarios of Todo API - Update Todo" time="0.0">
    <skipped message="&apos;cucumber.filter.tags=@CucumberStepITag&apos; did not match this scenario"/>
  </testcase>
  <testcase name="Update an existing todo with dateDebut in the pass should return 400" classname="BDD Scenarios of Todo API - Update Todo" time="0.0">
    <skipped message="&apos;cucumber.filter.tags=@CucumberStepITag&apos; did not match this scenario"/>
  </testcase>
  <testcase name="Update an existing todo with dateFin in the pass should return 400" classname="BDD Scenarios of Todo API - Update Todo" time="0.0">
    <skipped message="&apos;cucumber.filter.tags=@CucumberStepITag&apos; did not match this scenario"/>
  </testcase>
  <testcase name="Update an existing todo with dateDebut after dateFin should return 400" classname="BDD Scenarios of Todo API - Update Todo" time="0.0">
    <skipped message="&apos;cucumber.filter.tags=@CucumberStepITag&apos; did not match this scenario"/>
  </testcase>
</testsuite>